# JRE version: OpenJDK Runtime Environment (8.0_172-b11) (build 1.8.0_172-b11)
# Java VM: OpenJDK 64-Bit Server VM (25.172-b11 mixed mode linux-amd64 compressed oops)
Heap:
 PSYoungGen      total 150528K, used 29714K [0x0000000718580000, 0x0000000722d80000, 0x00000007c0000000)
  eden space 129024K, 23% used [0x0000000718580000,0x000000071a284b08,0x0000000720380000)
  from space 21504K, 0% used [0x0000000720380000,0x0000000720380000,0x0000000721880000)
  to   space 21504K, 0% used [0x0000000721880000,0x0000000721880000,0x0000000722d80000)
 ParOldGen       total 242688K, used 18011K [0x00000005c9000000, 0x00000005d7d00000, 0x0000000718580000)
  object space 242688K, 7% used [0x00000005c9000000,0x00000005ca196f48,0x00000005d7d00000)
 Metaspace       used 24360K, capacity 25720K, committed 25856K, reserved 1071104K
  class space    used 3224K, capacity 3517K, committed 3584K, reserved 1048576K
GC Heap History (4 events):
Event: 4,209 GC heap before
{Heap before GC invocations=1 (full 0):
 PSYoungGen      total 150528K, used 113341K [0x0000000718580000, 0x0000000722d80000, 0x00000007c0000000)
  eden space 129024K, 87% used [0x0000000718580000,0x000000071f42f6f0,0x0000000720380000)
  from space 21504K, 0% used [0x0000000721880000,0x0000000721880000,0x0000000722d80000)
  to   space 21504K, 0% used [0x0000000720380000,0x0000000720380000,0x0000000721880000)
 ParOldGen       total 344064K, used 0K [0x00000005c9000000, 0x00000005de000000, 0x0000000718580000)
  object space 344064K, 0% used [0x00000005c9000000,0x00000005c9000000,0x00000005de000000)
 Metaspace       used 20409K, capacity 21192K, committed 21248K, reserved 1067008K
  class space    used 2595K, capacity 2795K, committed 2816K, reserved 1048576K
Event: 4,225 GC heap after
Heap after GC invocations=1 (full 0):
 PSYoungGen      total 150528K, used 21073K [0x0000000718580000, 0x0000000722d80000, 0x00000007c0000000)
  eden space 129024K, 0% used [0x0000000718580000,0x0000000718580000,0x0000000720380000)
  from space 21504K, 97% used [0x0000000720380000,0x00000007218144d8,0x0000000721880000)
  to   space 21504K, 0% used [0x0000000721880000,0x0000000721880000,0x0000000722d80000)
 ParOldGen       total 344064K, used 16K [0x00000005c9000000, 0x00000005de000000, 0x0000000718580000)
  object space 344064K, 0% used [0x00000005c9000000,0x00000005c9004000,0x00000005de000000)
 Metaspace       used 20409K, capacity 21192K, committed 21248K, reserved 1067008K
  class space    used 2595K, capacity 2795K, committed 2816K, reserved 1048576K
}
Event: 4,225 GC heap before
{Heap before GC invocations=2 (full 1):
 PSYoungGen      total 150528K, used 21073K [0x0000000718580000, 0x0000000722d80000, 0x00000007c0000000)
  eden space 129024K, 0% used [0x0000000718580000,0x0000000718580000,0x0000000720380000)
  from space 21504K, 97% used [0x0000000720380000,0x00000007218144d8,0x0000000721880000)
  to   space 21504K, 0% used [0x0000000721880000,0x0000000721880000,0x0000000722d80000)
 ParOldGen       total 344064K, used 16K [0x00000005c9000000, 0x00000005de000000, 0x0000000718580000)
  object space 344064K, 0% used [0x00000005c9000000,0x00000005c9004000,0x00000005de000000)
 Metaspace       used 20409K, capacity 21192K, committed 21248K, reserved 1067008K
  class space    used 2595K, capacity 2795K, committed 2816K, reserved 1048576K
Event: 4,264 GC heap after
Heap after GC invocations=2 (full 1):
 PSYoungGen      total 150528K, used 0K [0x0000000718580000, 0x0000000722d80000, 0x00000007c0000000)
  eden space 129024K, 0% used [0x0000000718580000,0x0000000718580000,0x0000000720380000)
  from space 21504K, 0% used [0x0000000720380000,0x0000000720380000,0x0000000721880000)
  to   space 21504K, 0% used [0x0000000721880000,0x0000000721880000,0x0000000722d80000)
 ParOldGen       total 242688K, used 18011K [0x00000005c9000000, 0x00000005d7d00000, 0x0000000718580000)
  object space 242688K, 7% used [0x00000005c9000000,0x00000005ca196f48,0x00000005d7d00000)
 Metaspace       used 20409K, capacity 21192K, committed 21248K, reserved 1067008K
  class space    used 2595K, capacity 2795K, committed 2816K, reserved 1048576K
}

